[0.017s] Invoking command in '/home/kunal/Desktop/ad/arena_drone_ws/build/drone_behavior_tree': CMAKE_PREFIX_PATH=${CMAKE_PREFIX_PATH}:/home/kunal/drone_ws/install/drone_control:/opt/ros/jazzy DEBUGINFOD_URLS=https://debuginfod.ubuntu.com /usr/bin/cmake --build /home/kunal/Desktop/ad/arena_drone_ws/build/drone_behavior_tree -- -j12 -l12
[0.141s] [100%] Built target bt_executor
[0.166s] Invoked command in '/home/kunal/Desktop/ad/arena_drone_ws/build/drone_behavior_tree' returned '0': CMAKE_PREFIX_PATH=${CMAKE_PREFIX_PATH}:/home/kunal/drone_ws/install/drone_control:/opt/ros/jazzy DEBUGINFOD_URLS=https://debuginfod.ubuntu.com /usr/bin/cmake --build /home/kunal/Desktop/ad/arena_drone_ws/build/drone_behavior_tree -- -j12 -l12
[0.213s] Invoking command in '/home/kunal/Desktop/ad/arena_drone_ws/build/drone_behavior_tree': CMAKE_PREFIX_PATH=${CMAKE_PREFIX_PATH}:/home/kunal/drone_ws/install/drone_control:/opt/ros/jazzy DEBUGINFOD_URLS=https://debuginfod.ubuntu.com /usr/bin/cmake --install /home/kunal/Desktop/ad/arena_drone_ws/build/drone_behavior_tree
[0.256s] -- Install configuration: ""
[0.257s] -- Up-to-date: /home/kunal/Desktop/ad/arena_drone_ws/install/drone_behavior_tree/lib/drone_behavior_tree/bt_executor
[0.258s] -- Up-to-date: /home/kunal/Desktop/ad/arena_drone_ws/install/drone_behavior_tree/share/drone_behavior_tree/trees
[0.259s] -- Up-to-date: /home/kunal/Desktop/ad/arena_drone_ws/install/drone_behavior_tree/share/drone_behavior_tree/trees/motor_test_tree.xml
[0.259s] -- Up-to-date: /home/kunal/Desktop/ad/arena_drone_ws/install/drone_behavior_tree/share/drone_behavior_tree/launch
[0.260s] -- Up-to-date: /home/kunal/Desktop/ad/arena_drone_ws/install/drone_behavior_tree/share/drone_behavior_tree/launch/motor_test.launch.py
[0.260s] -- Up-to-date: /home/kunal/Desktop/ad/arena_drone_ws/install/drone_behavior_tree/share/drone_behavior_tree/launch/__pycache__
[0.260s] -- Up-to-date: /home/kunal/Desktop/ad/arena_drone_ws/install/drone_behavior_tree/share/drone_behavior_tree/launch/__pycache__/motor_test.launch.cpython-312.pyc
[0.261s] -- Up-to-date: /home/kunal/Desktop/ad/arena_drone_ws/install/drone_behavior_tree/share/ament_index/resource_index/package_run_dependencies/drone_behavior_tree
[0.261s] -- Up-to-date: /home/kunal/Desktop/ad/arena_drone_ws/install/drone_behavior_tree/share/ament_index/resource_index/parent_prefix_path/drone_behavior_tree
[0.262s] -- Up-to-date: /home/kunal/Desktop/ad/arena_drone_ws/install/drone_behavior_tree/share/drone_behavior_tree/environment/ament_prefix_path.sh
[0.263s] -- Up-to-date: /home/kunal/Desktop/ad/arena_drone_ws/install/drone_behavior_tree/share/drone_behavior_tree/environment/ament_prefix_path.dsv
[0.263s] -- Up-to-date: /home/kunal/Desktop/ad/arena_drone_ws/install/drone_behavior_tree/share/drone_behavior_tree/environment/path.sh
[0.263s] -- Up-to-date: /home/kunal/Desktop/ad/arena_drone_ws/install/drone_behavior_tree/share/drone_behavior_tree/environment/path.dsv
[0.264s] -- Up-to-date: /home/kunal/Desktop/ad/arena_drone_ws/install/drone_behavior_tree/share/drone_behavior_tree/local_setup.bash
[0.264s] -- Up-to-date: /home/kunal/Desktop/ad/arena_drone_ws/install/drone_behavior_tree/share/drone_behavior_tree/local_setup.sh
[0.265s] -- Up-to-date: /home/kunal/Desktop/ad/arena_drone_ws/install/drone_behavior_tree/share/drone_behavior_tree/local_setup.zsh
[0.265s] -- Up-to-date: /home/kunal/Desktop/ad/arena_drone_ws/install/drone_behavior_tree/share/drone_behavior_tree/local_setup.dsv
[0.265s] -- Installing: /home/kunal/Desktop/ad/arena_drone_ws/install/drone_behavior_tree/share/drone_behavior_tree/package.dsv
[0.266s] -- Up-to-date: /home/kunal/Desktop/ad/arena_drone_ws/install/drone_behavior_tree/share/ament_index/resource_index/packages/drone_behavior_tree
[0.266s] -- Up-to-date: /home/kunal/Desktop/ad/arena_drone_ws/install/drone_behavior_tree/share/drone_behavior_tree/cmake/drone_behavior_treeConfig.cmake
[0.266s] -- Up-to-date: /home/kunal/Desktop/ad/arena_drone_ws/install/drone_behavior_tree/share/drone_behavior_tree/cmake/drone_behavior_treeConfig-version.cmake
[0.267s] -- Up-to-date: /home/kunal/Desktop/ad/arena_drone_ws/install/drone_behavior_tree/share/drone_behavior_tree/package.xml
[0.273s] Invoked command in '/home/kunal/Desktop/ad/arena_drone_ws/build/drone_behavior_tree' returned '0': CMAKE_PREFIX_PATH=${CMAKE_PREFIX_PATH}:/home/kunal/drone_ws/install/drone_control:/opt/ros/jazzy DEBUGINFOD_URLS=https://debuginfod.ubuntu.com /usr/bin/cmake --install /home/kunal/Desktop/ad/arena_drone_ws/build/drone_behavior_tree
