[0.208s] DEBUG:colcon:Command line arguments: ['/usr/bin/colcon', 'build', '--cmake-args', '-DCMAKE_EXPORT_COMPILE_COMMANDS=ON']
[0.208s] DEBUG:colcon:Parsed command line arguments: Namespace(log_base=None, log_level=None, verb_name='build', build_base='build', install_base='install', merge_install=False, symlink_install=False, test_result_base=None, continue_on_error=False, executor='parallel', parallel_workers=12, event_handlers=None, ignore_user_meta=False, metas=['./colcon.meta'], base_paths=['.'], packages_ignore=None, packages_ignore_regex=None, paths=None, packages_up_to=None, packages_up_to_regex=None, packages_above=None, packages_above_and_dependencies=None, packages_above_depth=None, packages_select_by_dep=None, packages_skip_by_dep=None, packages_skip_up_to=None, packages_select_build_failed=False, packages_skip_build_finished=False, packages_select_test_failures=False, packages_skip_test_passed=False, packages_select=None, packages_skip=None, packages_select_regex=None, packages_skip_regex=None, packages_start=None, packages_end=None, allow_overriding=[], cmake_args=['-DCMAKE_EXPORT_COMPILE_COMMANDS=ON'], cmake_target=None, cmake_target_skip_unavailable=False, cmake_clean_cache=False, cmake_clean_first=False, cmake_force_configure=False, ament_cmake_args=None, catkin_cmake_args=None, catkin_skip_building_tests=False, verb_parser=<colcon_defaults.argument_parser.defaults.DefaultArgumentsDecorator object at 0x7dea59880f50>, verb_extension=<colcon_core.verb.build.BuildVerb object at 0x7dea599c1370>, main=<bound method BuildVerb.main of <colcon_core.verb.build.BuildVerb object at 0x7dea599c1370>>)
[0.285s] Level 1:colcon.colcon_core.package_discovery:discover_packages(colcon_meta) check parameters
[0.285s] Level 1:colcon.colcon_core.package_discovery:discover_packages(recursive) check parameters
[0.285s] Level 1:colcon.colcon_core.package_discovery:discover_packages(ignore) check parameters
[0.285s] Level 1:colcon.colcon_core.package_discovery:discover_packages(path) check parameters
[0.285s] Level 1:colcon.colcon_core.package_discovery:discover_packages(colcon_meta) discover
[0.285s] Level 1:colcon.colcon_core.package_discovery:discover_packages(recursive) discover
[0.285s] INFO:colcon.colcon_core.package_discovery:Crawling recursively for packages in '/home/kunal/Desktop/ad/arena_drone_ws'
[0.286s] Level 1:colcon.colcon_core.package_identification:_identify(.) by extensions ['ignore', 'ignore_ament_install']
[0.286s] Level 1:colcon.colcon_core.package_identification:_identify(.) by extension 'ignore'
[0.286s] Level 1:colcon.colcon_core.package_identification:_identify(.) by extension 'ignore_ament_install'
[0.286s] Level 1:colcon.colcon_core.package_identification:_identify(.) by extensions ['colcon_pkg']
[0.286s] Level 1:colcon.colcon_core.package_identification:_identify(.) by extension 'colcon_pkg'
[0.286s] Level 1:colcon.colcon_core.package_identification:_identify(.) by extensions ['colcon_meta']
[0.286s] Level 1:colcon.colcon_core.package_identification:_identify(.) by extension 'colcon_meta'
[0.286s] Level 1:colcon.colcon_core.package_identification:_identify(.) by extensions ['ros']
[0.286s] Level 1:colcon.colcon_core.package_identification:_identify(.) by extension 'ros'
[0.348s] Level 1:colcon.colcon_core.package_identification:_identify(.) by extensions ['cmake', 'python']
[0.348s] Level 1:colcon.colcon_core.package_identification:_identify(.) by extension 'cmake'
[0.348s] Level 1:colcon.colcon_core.package_identification:_identify(.) by extension 'python'
[0.348s] Level 1:colcon.colcon_core.package_identification:_identify(.) by extensions ['python_setup_py']
[0.348s] Level 1:colcon.colcon_core.package_identification:_identify(.) by extension 'python_setup_py'
[0.349s] Level 1:colcon.colcon_core.package_identification:_identify(build) by extensions ['ignore', 'ignore_ament_install']
[0.349s] Level 1:colcon.colcon_core.package_identification:_identify(build) by extension 'ignore'
[0.349s] Level 1:colcon.colcon_core.package_identification:_identify(build) ignored
[0.350s] Level 1:colcon.colcon_core.package_identification:_identify(install) by extensions ['ignore', 'ignore_ament_install']
[0.350s] Level 1:colcon.colcon_core.package_identification:_identify(install) by extension 'ignore'
[0.350s] Level 1:colcon.colcon_core.package_identification:_identify(install) ignored
[0.350s] Level 1:colcon.colcon_core.package_identification:_identify(log) by extensions ['ignore', 'ignore_ament_install']
[0.350s] Level 1:colcon.colcon_core.package_identification:_identify(log) by extension 'ignore'
[0.350s] Level 1:colcon.colcon_core.package_identification:_identify(log) ignored
[0.350s] Level 1:colcon.colcon_core.package_identification:_identify(src) by extensions ['ignore', 'ignore_ament_install']
[0.350s] Level 1:colcon.colcon_core.package_identification:_identify(src) by extension 'ignore'
[0.351s] Level 1:colcon.colcon_core.package_identification:_identify(src) by extension 'ignore_ament_install'
[0.351s] Level 1:colcon.colcon_core.package_identification:_identify(src) by extensions ['colcon_pkg']
[0.351s] Level 1:colcon.colcon_core.package_identification:_identify(src) by extension 'colcon_pkg'
[0.351s] Level 1:colcon.colcon_core.package_identification:_identify(src) by extensions ['colcon_meta']
[0.351s] Level 1:colcon.colcon_core.package_identification:_identify(src) by extension 'colcon_meta'
[0.351s] Level 1:colcon.colcon_core.package_identification:_identify(src) by extensions ['ros']
[0.351s] Level 1:colcon.colcon_core.package_identification:_identify(src) by extension 'ros'
[0.351s] Level 1:colcon.colcon_core.package_identification:_identify(src) by extensions ['cmake', 'python']
[0.351s] Level 1:colcon.colcon_core.package_identification:_identify(src) by extension 'cmake'
[0.351s] Level 1:colcon.colcon_core.package_identification:_identify(src) by extension 'python'
[0.351s] Level 1:colcon.colcon_core.package_identification:_identify(src) by extensions ['python_setup_py']
[0.351s] Level 1:colcon.colcon_core.package_identification:_identify(src) by extension 'python_setup_py'
[0.351s] Level 1:colcon.colcon_core.package_identification:_identify(src/drone_behavior_tree) by extensions ['ignore', 'ignore_ament_install']
[0.351s] Level 1:colcon.colcon_core.package_identification:_identify(src/drone_behavior_tree) by extension 'ignore'
[0.351s] Level 1:colcon.colcon_core.package_identification:_identify(src/drone_behavior_tree) by extension 'ignore_ament_install'
[0.351s] Level 1:colcon.colcon_core.package_identification:_identify(src/drone_behavior_tree) by extensions ['colcon_pkg']
[0.351s] Level 1:colcon.colcon_core.package_identification:_identify(src/drone_behavior_tree) by extension 'colcon_pkg'
[0.351s] Level 1:colcon.colcon_core.package_identification:_identify(src/drone_behavior_tree) by extensions ['colcon_meta']
[0.351s] Level 1:colcon.colcon_core.package_identification:_identify(src/drone_behavior_tree) by extension 'colcon_meta'
[0.351s] Level 1:colcon.colcon_core.package_identification:_identify(src/drone_behavior_tree) by extensions ['ros']
[0.351s] Level 1:colcon.colcon_core.package_identification:_identify(src/drone_behavior_tree) by extension 'ros'
[0.358s] DEBUG:colcon.colcon_core.package_identification:Package 'src/drone_behavior_tree' with type 'ros.ament_cmake' and name 'drone_behavior_tree'
[0.358s] Level 1:colcon.colcon_core.package_discovery:discover_packages(recursive) using defaults
[0.358s] Level 1:colcon.colcon_core.package_discovery:discover_packages(ignore) discover
[0.358s] Level 1:colcon.colcon_core.package_discovery:discover_packages(ignore) using defaults
[0.358s] Level 1:colcon.colcon_core.package_discovery:discover_packages(path) discover
[0.358s] Level 1:colcon.colcon_core.package_discovery:discover_packages(path) using defaults
[0.400s] Level 1:colcon.colcon_core.package_discovery:discover_packages(prefix_path) check parameters
[0.400s] Level 1:colcon.colcon_core.package_discovery:discover_packages(prefix_path) discover
[0.406s] DEBUG:colcon.colcon_installed_package_information.package_discovery:Found 3 installed packages in /home/kunal/drone_ws/install
[0.408s] DEBUG:colcon.colcon_installed_package_information.package_discovery:Found 416 installed packages in /opt/ros/jazzy
[0.414s] Level 1:colcon.colcon_core.package_discovery:discover_packages(prefix_path) using defaults
[0.503s] Level 5:colcon.colcon_core.verb:set package 'drone_behavior_tree' build argument 'cmake_args' from command line to '['-DCMAKE_EXPORT_COMPILE_COMMANDS=ON']'
[0.503s] Level 5:colcon.colcon_core.verb:set package 'drone_behavior_tree' build argument 'cmake_target' from command line to 'None'
[0.503s] Level 5:colcon.colcon_core.verb:set package 'drone_behavior_tree' build argument 'cmake_target_skip_unavailable' from command line to 'False'
[0.503s] Level 5:colcon.colcon_core.verb:set package 'drone_behavior_tree' build argument 'cmake_clean_cache' from command line to 'False'
[0.504s] Level 5:colcon.colcon_core.verb:set package 'drone_behavior_tree' build argument 'cmake_clean_first' from command line to 'False'
[0.504s] Level 5:colcon.colcon_core.verb:set package 'drone_behavior_tree' build argument 'cmake_force_configure' from command line to 'False'
[0.504s] Level 5:colcon.colcon_core.verb:set package 'drone_behavior_tree' build argument 'ament_cmake_args' from command line to 'None'
[0.504s] Level 5:colcon.colcon_core.verb:set package 'drone_behavior_tree' build argument 'catkin_cmake_args' from command line to 'None'
[0.504s] Level 5:colcon.colcon_core.verb:set package 'drone_behavior_tree' build argument 'catkin_skip_building_tests' from command line to 'False'
[0.504s] DEBUG:colcon.colcon_core.verb:Building package 'drone_behavior_tree' with the following arguments: {'ament_cmake_args': None, 'build_base': '/home/kunal/Desktop/ad/arena_drone_ws/build/drone_behavior_tree', 'catkin_cmake_args': None, 'catkin_skip_building_tests': False, 'cmake_args': ['-DCMAKE_EXPORT_COMPILE_COMMANDS=ON'], 'cmake_clean_cache': False, 'cmake_clean_first': False, 'cmake_force_configure': False, 'cmake_target': None, 'cmake_target_skip_unavailable': False, 'install_base': '/home/kunal/Desktop/ad/arena_drone_ws/install/drone_behavior_tree', 'merge_install': False, 'path': '/home/kunal/Desktop/ad/arena_drone_ws/src/drone_behavior_tree', 'symlink_install': False, 'test_result_base': None}
[0.504s] INFO:colcon.colcon_core.executor:Executing jobs using 'parallel' executor
[0.506s] DEBUG:colcon.colcon_parallel_executor.executor.parallel:run_until_complete
[0.507s] INFO:colcon.colcon_ros.task.ament_cmake.build:Building ROS package in '/home/kunal/Desktop/ad/arena_drone_ws/src/drone_behavior_tree' with build type 'ament_cmake'
[0.508s] INFO:colcon.colcon_cmake.task.cmake.build:Building CMake package in '/home/kunal/Desktop/ad/arena_drone_ws/src/drone_behavior_tree'
[0.514s] INFO:colcon.colcon_core.plugin_system:Skipping extension 'colcon_core.shell.bat': Not used on non-Windows systems
[0.514s] INFO:colcon.colcon_core.shell:Skip shell extension 'powershell' for command environment: Not usable outside of PowerShell
[0.514s] DEBUG:colcon.colcon_core.shell:Skip shell extension 'dsv' for command environment
[0.532s] DEBUG:colcon.colcon_core.event_handler.log_command:Invoking command in '/home/kunal/Desktop/ad/arena_drone_ws/build/drone_behavior_tree': CMAKE_PREFIX_PATH=${CMAKE_PREFIX_PATH}:/home/kunal/drone_ws/install/drone_control:/opt/ros/jazzy DEBUGINFOD_URLS=https://debuginfod.ubuntu.com /usr/bin/cmake --build /home/kunal/Desktop/ad/arena_drone_ws/build/drone_behavior_tree -- -j12 -l12
[16.932s] DEBUG:colcon.colcon_core.event_handler.log_command:Invoked command in '/home/kunal/Desktop/ad/arena_drone_ws/build/drone_behavior_tree' returned '0': CMAKE_PREFIX_PATH=${CMAKE_PREFIX_PATH}:/home/kunal/drone_ws/install/drone_control:/opt/ros/jazzy DEBUGINFOD_URLS=https://debuginfod.ubuntu.com /usr/bin/cmake --build /home/kunal/Desktop/ad/arena_drone_ws/build/drone_behavior_tree -- -j12 -l12
[16.949s] DEBUG:colcon.colcon_core.event_handler.log_command:Invoking command in '/home/kunal/Desktop/ad/arena_drone_ws/build/drone_behavior_tree': CMAKE_PREFIX_PATH=${CMAKE_PREFIX_PATH}:/home/kunal/drone_ws/install/drone_control:/opt/ros/jazzy DEBUGINFOD_URLS=https://debuginfod.ubuntu.com /usr/bin/cmake --install /home/kunal/Desktop/ad/arena_drone_ws/build/drone_behavior_tree
[16.975s] Level 1:colcon.colcon_core.environment:create_environment_scripts_only(drone_behavior_tree)
[16.976s] DEBUG:colcon.colcon_core.event_handler.log_command:Invoked command in '/home/kunal/Desktop/ad/arena_drone_ws/build/drone_behavior_tree' returned '0': CMAKE_PREFIX_PATH=${CMAKE_PREFIX_PATH}:/home/kunal/drone_ws/install/drone_control:/opt/ros/jazzy DEBUGINFOD_URLS=https://debuginfod.ubuntu.com /usr/bin/cmake --install /home/kunal/Desktop/ad/arena_drone_ws/build/drone_behavior_tree
[16.980s] Level 1:colcon.colcon_core.environment:checking '/home/kunal/Desktop/ad/arena_drone_ws/install/drone_behavior_tree' for CMake module files
[16.981s] Level 1:colcon.colcon_core.environment:checking '/home/kunal/Desktop/ad/arena_drone_ws/install/drone_behavior_tree' for CMake config files
[16.982s] Level 1:colcon.colcon_core.shell:create_environment_hook('drone_behavior_tree', 'cmake_prefix_path')
[16.982s] INFO:colcon.colcon_core.shell:Creating environment hook '/home/kunal/Desktop/ad/arena_drone_ws/install/drone_behavior_tree/share/drone_behavior_tree/hook/cmake_prefix_path.ps1'
[16.983s] INFO:colcon.colcon_core.shell:Creating environment descriptor '/home/kunal/Desktop/ad/arena_drone_ws/install/drone_behavior_tree/share/drone_behavior_tree/hook/cmake_prefix_path.dsv'
[16.983s] INFO:colcon.colcon_core.shell:Creating environment hook '/home/kunal/Desktop/ad/arena_drone_ws/install/drone_behavior_tree/share/drone_behavior_tree/hook/cmake_prefix_path.sh'
[16.984s] Level 1:colcon.colcon_core.environment:checking '/home/kunal/Desktop/ad/arena_drone_ws/install/drone_behavior_tree/lib'
[16.985s] Level 1:colcon.colcon_core.environment:checking '/home/kunal/Desktop/ad/arena_drone_ws/install/drone_behavior_tree/bin'
[16.985s] Level 1:colcon.colcon_core.environment:checking '/home/kunal/Desktop/ad/arena_drone_ws/install/drone_behavior_tree/lib/pkgconfig/drone_behavior_tree.pc'
[16.985s] Level 1:colcon.colcon_core.environment:checking '/home/kunal/Desktop/ad/arena_drone_ws/install/drone_behavior_tree/lib/python3.12/site-packages'
[16.986s] Level 1:colcon.colcon_core.environment:checking '/home/kunal/Desktop/ad/arena_drone_ws/install/drone_behavior_tree/bin'
[16.987s] INFO:colcon.colcon_core.shell:Creating package script '/home/kunal/Desktop/ad/arena_drone_ws/install/drone_behavior_tree/share/drone_behavior_tree/package.ps1'
[16.988s] INFO:colcon.colcon_core.shell:Creating package descriptor '/home/kunal/Desktop/ad/arena_drone_ws/install/drone_behavior_tree/share/drone_behavior_tree/package.dsv'
[16.989s] INFO:colcon.colcon_core.shell:Creating package script '/home/kunal/Desktop/ad/arena_drone_ws/install/drone_behavior_tree/share/drone_behavior_tree/package.sh'
[16.990s] INFO:colcon.colcon_core.shell:Creating package script '/home/kunal/Desktop/ad/arena_drone_ws/install/drone_behavior_tree/share/drone_behavior_tree/package.bash'
[16.991s] INFO:colcon.colcon_core.shell:Creating package script '/home/kunal/Desktop/ad/arena_drone_ws/install/drone_behavior_tree/share/drone_behavior_tree/package.zsh'
[16.991s] Level 1:colcon.colcon_core.environment:create_file_with_runtime_dependencies(/home/kunal/Desktop/ad/arena_drone_ws/install/drone_behavior_tree/share/colcon-core/packages/drone_behavior_tree)
[16.992s] Level 1:colcon.colcon_core.environment:create_environment_scripts_only(drone_behavior_tree)
[16.992s] Level 1:colcon.colcon_core.environment:checking '/home/kunal/Desktop/ad/arena_drone_ws/install/drone_behavior_tree' for CMake module files
[16.993s] Level 1:colcon.colcon_core.environment:checking '/home/kunal/Desktop/ad/arena_drone_ws/install/drone_behavior_tree' for CMake config files
[16.994s] Level 1:colcon.colcon_core.shell:create_environment_hook('drone_behavior_tree', 'cmake_prefix_path')
[16.994s] INFO:colcon.colcon_core.shell:Creating environment hook '/home/kunal/Desktop/ad/arena_drone_ws/install/drone_behavior_tree/share/drone_behavior_tree/hook/cmake_prefix_path.ps1'
[16.995s] INFO:colcon.colcon_core.shell:Creating environment descriptor '/home/kunal/Desktop/ad/arena_drone_ws/install/drone_behavior_tree/share/drone_behavior_tree/hook/cmake_prefix_path.dsv'
[16.995s] INFO:colcon.colcon_core.shell:Creating environment hook '/home/kunal/Desktop/ad/arena_drone_ws/install/drone_behavior_tree/share/drone_behavior_tree/hook/cmake_prefix_path.sh'
[16.996s] Level 1:colcon.colcon_core.environment:checking '/home/kunal/Desktop/ad/arena_drone_ws/install/drone_behavior_tree/lib'
[16.996s] Level 1:colcon.colcon_core.environment:checking '/home/kunal/Desktop/ad/arena_drone_ws/install/drone_behavior_tree/bin'
[16.996s] Level 1:colcon.colcon_core.environment:checking '/home/kunal/Desktop/ad/arena_drone_ws/install/drone_behavior_tree/lib/pkgconfig/drone_behavior_tree.pc'
[16.996s] Level 1:colcon.colcon_core.environment:checking '/home/kunal/Desktop/ad/arena_drone_ws/install/drone_behavior_tree/lib/python3.12/site-packages'
[16.997s] Level 1:colcon.colcon_core.environment:checking '/home/kunal/Desktop/ad/arena_drone_ws/install/drone_behavior_tree/bin'
[16.997s] INFO:colcon.colcon_core.shell:Creating package script '/home/kunal/Desktop/ad/arena_drone_ws/install/drone_behavior_tree/share/drone_behavior_tree/package.ps1'
[16.998s] INFO:colcon.colcon_core.shell:Creating package descriptor '/home/kunal/Desktop/ad/arena_drone_ws/install/drone_behavior_tree/share/drone_behavior_tree/package.dsv'
[16.998s] INFO:colcon.colcon_core.shell:Creating package script '/home/kunal/Desktop/ad/arena_drone_ws/install/drone_behavior_tree/share/drone_behavior_tree/package.sh'
[16.999s] INFO:colcon.colcon_core.shell:Creating package script '/home/kunal/Desktop/ad/arena_drone_ws/install/drone_behavior_tree/share/drone_behavior_tree/package.bash'
[16.999s] INFO:colcon.colcon_core.shell:Creating package script '/home/kunal/Desktop/ad/arena_drone_ws/install/drone_behavior_tree/share/drone_behavior_tree/package.zsh'
[17.000s] Level 1:colcon.colcon_core.environment:create_file_with_runtime_dependencies(/home/kunal/Desktop/ad/arena_drone_ws/install/drone_behavior_tree/share/colcon-core/packages/drone_behavior_tree)
[17.000s] DEBUG:colcon.colcon_parallel_executor.executor.parallel:closing loop
[17.001s] DEBUG:colcon.colcon_parallel_executor.executor.parallel:loop closed
[17.001s] DEBUG:colcon.colcon_parallel_executor.executor.parallel:run_until_complete finished with '0'
[17.001s] DEBUG:colcon.colcon_core.event_reactor:joining thread
[17.010s] INFO:colcon.colcon_core.plugin_system:Skipping extension 'colcon_notification.desktop_notification.terminal_notifier': Not used on non-Darwin systems
[17.010s] INFO:colcon.colcon_core.plugin_system:Skipping extension 'colcon_notification.desktop_notification.win32': Not used on non-Windows systems
[17.010s] INFO:colcon.colcon_notification.desktop_notification:Sending desktop notification using 'notify2'
[17.036s] DEBUG:colcon.colcon_core.event_reactor:joined thread
[17.037s] INFO:colcon.colcon_core.shell:Creating prefix script '/home/kunal/Desktop/ad/arena_drone_ws/install/local_setup.ps1'
[17.038s] INFO:colcon.colcon_core.shell:Creating prefix util module '/home/kunal/Desktop/ad/arena_drone_ws/install/_local_setup_util_ps1.py'
[17.039s] INFO:colcon.colcon_core.shell:Creating prefix chain script '/home/kunal/Desktop/ad/arena_drone_ws/install/setup.ps1'
[17.042s] INFO:colcon.colcon_core.shell:Creating prefix script '/home/kunal/Desktop/ad/arena_drone_ws/install/local_setup.sh'
[17.043s] INFO:colcon.colcon_core.shell:Creating prefix util module '/home/kunal/Desktop/ad/arena_drone_ws/install/_local_setup_util_sh.py'
[17.045s] INFO:colcon.colcon_core.shell:Creating prefix chain script '/home/kunal/Desktop/ad/arena_drone_ws/install/setup.sh'
[17.046s] INFO:colcon.colcon_core.shell:Creating prefix script '/home/kunal/Desktop/ad/arena_drone_ws/install/local_setup.bash'
[17.048s] INFO:colcon.colcon_core.shell:Creating prefix chain script '/home/kunal/Desktop/ad/arena_drone_ws/install/setup.bash'
[17.050s] INFO:colcon.colcon_core.shell:Creating prefix script '/home/kunal/Desktop/ad/arena_drone_ws/install/local_setup.zsh'
[17.051s] INFO:colcon.colcon_core.shell:Creating prefix chain script '/home/kunal/Desktop/ad/arena_drone_ws/install/setup.zsh'
