-- The C compiler identification is GNU 13.3.0
-- The CXX compiler identification is GNU 13.3.0
-- Detecting C compiler ABI info
-- Detecting C compiler ABI info - done
-- Check for working C compiler: /usr/bin/cc - skipped
-- Detecting C compile features
-- Detecting C compile features - done
-- Detecting CXX compiler ABI info
-- Detecting CXX compiler ABI info - done
-- Check for working CXX compiler: /usr/bin/c++ - skipped
-- Detecting CXX compile features
-- Detecting CXX compile features - done
-- Found ament_cmake: 2.5.5 (/opt/ros/jazzy/share/ament_cmake/cmake)
-- Found Python3: /usr/bin/python3 (found version "3.12.3") found components: Interpreter 
-- Found rclcpp: 28.1.16 (/opt/ros/jazzy/share/rclcpp/cmake)
-- Found rosidl_generator_c: 4.6.7 (/opt/ros/jazzy/share/rosidl_generator_c/cmake)
-- Found rosidl_generator_cpp: 4.6.7 (/opt/ros/jazzy/share/rosidl_generator_cpp/cmake)
-- Using all available rosidl_typesupport_c: rosidl_typesupport_fastrtps_c;rosidl_typesupport_introspection_c
-- Using all available rosidl_typesupport_cpp: rosidl_typesupport_fastrtps_cpp;rosidl_typesupport_introspection_cpp
-- Found rmw_implementation_cmake: 7.3.3 (/opt/ros/jazzy/share/rmw_implementation_cmake/cmake)
-- Found rmw_fastrtps_cpp: 8.4.3 (/opt/ros/jazzy/share/rmw_fastrtps_cpp/cmake)
-- Found OpenSSL: /usr/lib/x86_64-linux-gnu/libcrypto.so (found version "3.0.13")  
-- Found FastRTPS: /opt/ros/jazzy/include (Required is at least version "2.13") 
-- Using RMW implementation 'rmw_fastrtps_cpp' as default
-- Found geometry_msgs: 5.3.6 (/opt/ros/jazzy/share/geometry_msgs/cmake)
-- Found nav_msgs: 5.3.6 (/opt/ros/jazzy/share/nav_msgs/cmake)
-- Found mavros_msgs: 2.14.0 (/opt/ros/jazzy/share/mavros_msgs/cmake)
-- Found behaviortree_cpp: 4.8.3 (/opt/ros/jazzy/share/behaviortree_cpp/cmake)
-- Configuring done (4.1s)
-- Generating done (0.0s)
-- Build files have been written to: /home/kunal/Desktop/ad/arena_drone_ws/build/drone_behavior_tree
[ 50%] [32mBuilding CXX object CMakeFiles/bt_executor.dir/src/bt_executor.cpp.o[0m
In file included from [01m[K/home/kunal/Desktop/ad/arena_drone_ws/src/drone_behavior_tree/src/bt_executor.cpp:9[m[K:
[01m[K/home/kunal/Desktop/ad/arena_drone_ws/src/drone_behavior_tree/include/drone_behavior_tree/nodes/arm_drone.hpp:[m[K In member function ‘[01m[Kvirtual BT::NodeStatus ArmDroneNode::[01;32m[KonStart[m[K()[m[K’:
[01m[K/home/kunal/Desktop/ad/arena_drone_ws/src/drone_behavior_tree/include/drone_behavior_tree/nodes/arm_drone.hpp:40:50:[m[K [01;35m[Kwarning: [m[K‘[01m[Krclcpp::Client<ServiceT>::FutureAndRequestId::[01;32m[Koperator rclcpp::Client<ServiceT>::SharedFuture[m[K() [35m[K[with ServiceT = mavros_msgs::srv::CommandBool; rclcpp::Client<ServiceT>::SharedFuture = std::shared_future<std::shared_ptr<mavros_msgs::srv::CommandBool_Response_<std::allocator<void> > > >][m[K[m[K’ is deprecated: FutureAndRequestId: use .future.share() instead of an implicit conversion [[01;35m[K]8;;https://gcc.gnu.org/onlinedocs/gcc/Warning-Options.html#index-Wdeprecated-declarations-Wdeprecated-declarations]8;;[m[K]
   40 | async_send_request(request[01;35m[K)[m[K;
      |                           [01;35m[K^[m[K

In file included from [01m[K/opt/ros/jazzy/include/rclcpp/rclcpp/callback_group.hpp:24[m[K,
                 from [01m[K/opt/ros/jazzy/include/rclcpp/rclcpp/any_executable.hpp:20[m[K,
                 from [01m[K/opt/ros/jazzy/include/rclcpp/rclcpp/memory_strategy.hpp:25[m[K,
                 from [01m[K/opt/ros/jazzy/include/rclcpp/rclcpp/memory_strategies.hpp:18[m[K,
                 from [01m[K/opt/ros/jazzy/include/rclcpp/rclcpp/executor_options.hpp:22[m[K,
                 from [01m[K/opt/ros/jazzy/include/rclcpp/rclcpp/executor.hpp:38[m[K,
                 from [01m[K/opt/ros/jazzy/include/rclcpp/rclcpp/executors/multi_threaded_executor.hpp:25[m[K,
                 from [01m[K/opt/ros/jazzy/include/rclcpp/rclcpp/executors.hpp:21[m[K,
                 from [01m[K/opt/ros/jazzy/include/rclcpp/rclcpp/rclcpp.hpp:172[m[K,
                 from [01m[K/home/kunal/Desktop/ad/arena_drone_ws/src/drone_behavior_tree/src/bt_executor.cpp:6[m[K:
[01m[K/opt/ros/jazzy/include/rclcpp/rclcpp/client.hpp:446:5:[m[K [01;36m[Knote: [m[Kdeclared here
  446 |     [01;36m[Koperator[m[K SharedFuture() {return this->future.share();}
      |     [01;36m[K^~~~~~~~[m[K
In file included from [01m[K/home/kunal/Desktop/ad/arena_drone_ws/src/drone_behavior_tree/src/bt_executor.cpp:10[m[K:
[01m[K/home/kunal/Desktop/ad/arena_drone_ws/src/drone_behavior_tree/include/drone_behavior_tree/nodes/motor_test.hpp:[m[K In member function ‘[01m[Kvirtual BT::NodeStatus MotorTestNode::[01;32m[KonStart[m[K()[m[K’:
[01m[K/home/kunal/Desktop/ad/arena_drone_ws/src/drone_behavior_tree/include/drone_behavior_tree/nodes/motor_test.hpp:64:50:[m[K [01;35m[Kwarning: [m[K‘[01m[Krclcpp::Client<ServiceT>::FutureAndRequestId::[01;32m[Koperator rclcpp::Client<ServiceT>::SharedFuture[m[K() [35m[K[with ServiceT = mavros_msgs::srv::CommandLong; rclcpp::Client<ServiceT>::SharedFuture = std::shared_future<std::shared_ptr<mavros_msgs::srv::CommandLong_Response_<std::allocator<void> > > >][m[K[m[K’ is deprecated: FutureAndRequestId: use .future.share() instead of an implicit conversion [[01;35m[K]8;;https://gcc.gnu.org/onlinedocs/gcc/Warning-Options.html#index-Wdeprecated-declarations-Wdeprecated-declarations]8;;[m[K]
   64 | async_send_request(request[01;35m[K)[m[K;
      |                           [01;35m[K^[m[K

[01m[K/opt/ros/jazzy/include/rclcpp/rclcpp/client.hpp:446:5:[m[K [01;36m[Knote: [m[Kdeclared here
  446 |     [01;36m[Koperator[m[K SharedFuture() {return this->future.share();}
      |     [01;36m[K^~~~~~~~[m[K
[100%] [32m[1mLinking CXX executable bt_executor[0m
[100%] Built target bt_executor
-- Install configuration: ""
-- Installing: /home/kunal/Desktop/ad/arena_drone_ws/install/drone_behavior_tree/lib/drone_behavior_tree/bt_executor
-- Set non-toolchain portion of runtime path of "/home/kunal/Desktop/ad/arena_drone_ws/install/drone_behavior_tree/lib/drone_behavior_tree/bt_executor" to ""
-- Installing: /home/kunal/Desktop/ad/arena_drone_ws/install/drone_behavior_tree/share/drone_behavior_tree/trees
-- Installing: /home/kunal/Desktop/ad/arena_drone_ws/install/drone_behavior_tree/share/drone_behavior_tree/trees/motor_test_tree.xml
-- Installing: /home/kunal/Desktop/ad/arena_drone_ws/install/drone_behavior_tree/share/drone_behavior_tree/launch
-- Installing: /home/kunal/Desktop/ad/arena_drone_ws/install/drone_behavior_tree/share/drone_behavior_tree/launch/motor_test.launch.py
-- Installing: /home/kunal/Desktop/ad/arena_drone_ws/install/drone_behavior_tree/share/drone_behavior_tree/launch/__pycache__
-- Installing: /home/kunal/Desktop/ad/arena_drone_ws/install/drone_behavior_tree/share/drone_behavior_tree/launch/__pycache__/motor_test.launch.cpython-312.pyc
-- Installing: /home/kunal/Desktop/ad/arena_drone_ws/install/drone_behavior_tree/share/ament_index/resource_index/package_run_dependencies/drone_behavior_tree
-- Installing: /home/kunal/Desktop/ad/arena_drone_ws/install/drone_behavior_tree/share/ament_index/resource_index/parent_prefix_path/drone_behavior_tree
-- Installing: /home/kunal/Desktop/ad/arena_drone_ws/install/drone_behavior_tree/share/drone_behavior_tree/environment/ament_prefix_path.sh
-- Installing: /home/kunal/Desktop/ad/arena_drone_ws/install/drone_behavior_tree/share/drone_behavior_tree/environment/ament_prefix_path.dsv
-- Installing: /home/kunal/Desktop/ad/arena_drone_ws/install/drone_behavior_tree/share/drone_behavior_tree/environment/path.sh
-- Installing: /home/kunal/Desktop/ad/arena_drone_ws/install/drone_behavior_tree/share/drone_behavior_tree/environment/path.dsv
-- Installing: /home/kunal/Desktop/ad/arena_drone_ws/install/drone_behavior_tree/share/drone_behavior_tree/local_setup.bash
-- Installing: /home/kunal/Desktop/ad/arena_drone_ws/install/drone_behavior_tree/share/drone_behavior_tree/local_setup.sh
-- Installing: /home/kunal/Desktop/ad/arena_drone_ws/install/drone_behavior_tree/share/drone_behavior_tree/local_setup.zsh
-- Installing: /home/kunal/Desktop/ad/arena_drone_ws/install/drone_behavior_tree/share/drone_behavior_tree/local_setup.dsv
-- Installing: /home/kunal/Desktop/ad/arena_drone_ws/install/drone_behavior_tree/share/drone_behavior_tree/package.dsv
-- Installing: /home/kunal/Desktop/ad/arena_drone_ws/install/drone_behavior_tree/share/ament_index/resource_index/packages/drone_behavior_tree
-- Installing: /home/kunal/Desktop/ad/arena_drone_ws/install/drone_behavior_tree/share/drone_behavior_tree/cmake/drone_behavior_treeConfig.cmake
-- Installing: /home/kunal/Desktop/ad/arena_drone_ws/install/drone_behavior_tree/share/drone_behavior_tree/cmake/drone_behavior_treeConfig-version.cmake
-- Installing: /home/kunal/Desktop/ad/arena_drone_ws/install/drone_behavior_tree/share/drone_behavior_tree/package.xml
