[0.055s] Invoking command in '/home/kunal/Desktop/ad/arena_drone_ws/build/drone_behavior_tree': CMAKE_PREFIX_PATH=${CMAKE_PREFIX_PATH}:/home/kunal/drone_ws/install/drone_control:/opt/ros/jazzy DEBUGINFOD_URLS=https://debuginfod.ubuntu.com /usr/bin/cmake /home/kunal/Desktop/ad/arena_drone_ws/src/drone_behavior_tree -DCMAKE_EXPORT_COMPILE_COMMANDS=ON -DCMAKE_INSTALL_PREFIX=/home/kunal/Desktop/ad/arena_drone_ws/install/drone_behavior_tree
[0.288s] -- The C compiler identification is GNU 13.3.0
[0.448s] -- The CXX compiler identification is GNU 13.3.0
[0.499s] -- Detecting C compiler ABI info
[0.862s] -- Detecting C compiler ABI info - done
[0.891s] -- Check for working C compiler: /usr/bin/cc - skipped
[0.893s] -- Detecting C compile features
[0.895s] -- Detecting C compile features - done
[0.949s] -- Detecting CXX compiler ABI info
[1.287s] -- Detecting CXX compiler ABI info - done
[1.314s] -- Check for working CXX compiler: /usr/bin/c++ - skipped
[1.314s] -- Detecting CXX compile features
[1.315s] -- Detecting CXX compile features - done
[1.338s] -- Found ament_cmake: 2.5.5 (/opt/ros/jazzy/share/ament_cmake/cmake)
[1.831s] -- Found Python3: /usr/bin/python3 (found version "3.12.3") found components: Interpreter 
[2.160s] -- Found rclcpp: 28.1.16 (/opt/ros/jazzy/share/rclcpp/cmake)
[2.288s] -- Found rosidl_generator_c: 4.6.7 (/opt/ros/jazzy/share/rosidl_generator_c/cmake)
[2.324s] -- Found rosidl_generator_cpp: 4.6.7 (/opt/ros/jazzy/share/rosidl_generator_cpp/cmake)
[2.374s] -- Using all available rosidl_typesupport_c: rosidl_typesupport_fastrtps_c;rosidl_typesupport_introspection_c
[2.439s] -- Using all available rosidl_typesupport_cpp: rosidl_typesupport_fastrtps_cpp;rosidl_typesupport_introspection_cpp
[2.635s] -- Found rmw_implementation_cmake: 7.3.3 (/opt/ros/jazzy/share/rmw_implementation_cmake/cmake)
[2.642s] -- Found rmw_fastrtps_cpp: 8.4.3 (/opt/ros/jazzy/share/rmw_fastrtps_cpp/cmake)
[2.937s] -- Found OpenSSL: /usr/lib/x86_64-linux-gnu/libcrypto.so (found version "3.0.13")  
[3.035s] -- Found FastRTPS: /opt/ros/jazzy/include (Required is at least version "2.13") 
[3.107s] -- Using RMW implementation 'rmw_fastrtps_cpp' as default
[3.311s] -- Found geometry_msgs: 5.3.6 (/opt/ros/jazzy/share/geometry_msgs/cmake)
[3.401s] -- Found nav_msgs: 5.3.6 (/opt/ros/jazzy/share/nav_msgs/cmake)
[3.466s] -- Found mavros_msgs: 2.14.0 (/opt/ros/jazzy/share/mavros_msgs/cmake)
[3.896s] -- Found behaviortree_cpp: 4.8.3 (/opt/ros/jazzy/share/behaviortree_cpp/cmake)
[4.213s] -- Configuring done (4.1s)
[4.262s] -- Generating done (0.0s)
[4.275s] -- Build files have been written to: /home/kunal/Desktop/ad/arena_drone_ws/build/drone_behavior_tree
[4.324s] Invoked command in '/home/kunal/Desktop/ad/arena_drone_ws/build/drone_behavior_tree' returned '0': CMAKE_PREFIX_PATH=${CMAKE_PREFIX_PATH}:/home/kunal/drone_ws/install/drone_control:/opt/ros/jazzy DEBUGINFOD_URLS=https://debuginfod.ubuntu.com /usr/bin/cmake /home/kunal/Desktop/ad/arena_drone_ws/src/drone_behavior_tree -DCMAKE_EXPORT_COMPILE_COMMANDS=ON -DCMAKE_INSTALL_PREFIX=/home/kunal/Desktop/ad/arena_drone_ws/install/drone_behavior_tree
[4.329s] Invoking command in '/home/kunal/Desktop/ad/arena_drone_ws/build/drone_behavior_tree': CMAKE_PREFIX_PATH=${CMAKE_PREFIX_PATH}:/home/kunal/drone_ws/install/drone_control:/opt/ros/jazzy DEBUGINFOD_URLS=https://debuginfod.ubuntu.com /usr/bin/cmake --build /home/kunal/Desktop/ad/arena_drone_ws/build/drone_behavior_tree -- -j12 -l12
[4.490s] [ 50%] [32mBuilding CXX object CMakeFiles/bt_executor.dir/src/bt_executor.cpp.o[0m
[12.643s] In file included from [01m[K/home/kunal/Desktop/ad/arena_drone_ws/src/drone_behavior_tree/src/bt_executor.cpp:9[m[K:
[12.643s] [01m[K/home/kunal/Desktop/ad/arena_drone_ws/src/drone_behavior_tree/include/drone_behavior_tree/nodes/arm_drone.hpp:[m[K In member function ‘[01m[Kvirtual BT::NodeStatus ArmDroneNode::[01;32m[KonStart[m[K()[m[K’:
[12.643s] [01m[K/home/kunal/Desktop/ad/arena_drone_ws/src/drone_behavior_tree/include/drone_behavior_tree/nodes/arm_drone.hpp:40:50:[m[K [01;35m[Kwarning: [m[K‘[01m[Krclcpp::Client<ServiceT>::FutureAndRequestId::[01;32m[Koperator rclcpp::Client<ServiceT>::SharedFuture[m[K() [35m[K[with ServiceT = mavros_msgs::srv::CommandBool; rclcpp::Client<ServiceT>::SharedFuture = std::shared_future<std::shared_ptr<mavros_msgs::srv::CommandBool_Response_<std::allocator<void> > > >][m[K[m[K’ is deprecated: FutureAndRequestId: use .future.share() instead of an implicit conversion [[01;35m[K]8;;https://gcc.gnu.org/onlinedocs/gcc/Warning-Options.html#index-Wdeprecated-declarations-Wdeprecated-declarations]8;;[m[K]
[12.644s]    40 | async_send_request(request[01;35m[K)[m[K;
[12.644s]       |                           [01;35m[K^[m[K
[12.644s] 
[12.644s] In file included from [01m[K/opt/ros/jazzy/include/rclcpp/rclcpp/callback_group.hpp:24[m[K,
[12.644s]                  from [01m[K/opt/ros/jazzy/include/rclcpp/rclcpp/any_executable.hpp:20[m[K,
[12.645s]                  from [01m[K/opt/ros/jazzy/include/rclcpp/rclcpp/memory_strategy.hpp:25[m[K,
[12.645s]                  from [01m[K/opt/ros/jazzy/include/rclcpp/rclcpp/memory_strategies.hpp:18[m[K,
[12.645s]                  from [01m[K/opt/ros/jazzy/include/rclcpp/rclcpp/executor_options.hpp:22[m[K,
[12.645s]                  from [01m[K/opt/ros/jazzy/include/rclcpp/rclcpp/executor.hpp:38[m[K,
[12.645s]                  from [01m[K/opt/ros/jazzy/include/rclcpp/rclcpp/executors/multi_threaded_executor.hpp:25[m[K,
[12.646s]                  from [01m[K/opt/ros/jazzy/include/rclcpp/rclcpp/executors.hpp:21[m[K,
[12.646s]                  from [01m[K/opt/ros/jazzy/include/rclcpp/rclcpp/rclcpp.hpp:172[m[K,
[12.646s]                  from [01m[K/home/kunal/Desktop/ad/arena_drone_ws/src/drone_behavior_tree/src/bt_executor.cpp:6[m[K:
[12.646s] [01m[K/opt/ros/jazzy/include/rclcpp/rclcpp/client.hpp:446:5:[m[K [01;36m[Knote: [m[Kdeclared here
[12.646s]   446 |     [01;36m[Koperator[m[K SharedFuture() {return this->future.share();}
[12.646s]       |     [01;36m[K^~~~~~~~[m[K
[12.770s] In file included from [01m[K/home/kunal/Desktop/ad/arena_drone_ws/src/drone_behavior_tree/src/bt_executor.cpp:10[m[K:
[12.771s] [01m[K/home/kunal/Desktop/ad/arena_drone_ws/src/drone_behavior_tree/include/drone_behavior_tree/nodes/motor_test.hpp:[m[K In member function ‘[01m[Kvirtual BT::NodeStatus MotorTestNode::[01;32m[KonStart[m[K()[m[K’:
[12.771s] [01m[K/home/kunal/Desktop/ad/arena_drone_ws/src/drone_behavior_tree/include/drone_behavior_tree/nodes/motor_test.hpp:64:50:[m[K [01;35m[Kwarning: [m[K‘[01m[Krclcpp::Client<ServiceT>::FutureAndRequestId::[01;32m[Koperator rclcpp::Client<ServiceT>::SharedFuture[m[K() [35m[K[with ServiceT = mavros_msgs::srv::CommandLong; rclcpp::Client<ServiceT>::SharedFuture = std::shared_future<std::shared_ptr<mavros_msgs::srv::CommandLong_Response_<std::allocator<void> > > >][m[K[m[K’ is deprecated: FutureAndRequestId: use .future.share() instead of an implicit conversion [[01;35m[K]8;;https://gcc.gnu.org/onlinedocs/gcc/Warning-Options.html#index-Wdeprecated-declarations-Wdeprecated-declarations]8;;[m[K]
[12.771s]    64 | async_send_request(request[01;35m[K)[m[K;
[12.771s]       |                           [01;35m[K^[m[K
[12.771s] 
[12.771s] [01m[K/opt/ros/jazzy/include/rclcpp/rclcpp/client.hpp:446:5:[m[K [01;36m[Knote: [m[Kdeclared here
[12.771s]   446 |     [01;36m[Koperator[m[K SharedFuture() {return this->future.share();}
[12.771s]       |     [01;36m[K^~~~~~~~[m[K
[22.369s] [100%] [32m[1mLinking CXX executable bt_executor[0m
[23.373s] [100%] Built target bt_executor
[23.396s] Invoked command in '/home/kunal/Desktop/ad/arena_drone_ws/build/drone_behavior_tree' returned '0': CMAKE_PREFIX_PATH=${CMAKE_PREFIX_PATH}:/home/kunal/drone_ws/install/drone_control:/opt/ros/jazzy DEBUGINFOD_URLS=https://debuginfod.ubuntu.com /usr/bin/cmake --build /home/kunal/Desktop/ad/arena_drone_ws/build/drone_behavior_tree -- -j12 -l12
[23.430s] Invoking command in '/home/kunal/Desktop/ad/arena_drone_ws/build/drone_behavior_tree': CMAKE_PREFIX_PATH=${CMAKE_PREFIX_PATH}:/home/kunal/drone_ws/install/drone_control:/opt/ros/jazzy DEBUGINFOD_URLS=https://debuginfod.ubuntu.com /usr/bin/cmake --install /home/kunal/Desktop/ad/arena_drone_ws/build/drone_behavior_tree
[23.457s] -- Install configuration: ""
[23.457s] -- Installing: /home/kunal/Desktop/ad/arena_drone_ws/install/drone_behavior_tree/lib/drone_behavior_tree/bt_executor
[23.462s] -- Set non-toolchain portion of runtime path of "/home/kunal/Desktop/ad/arena_drone_ws/install/drone_behavior_tree/lib/drone_behavior_tree/bt_executor" to ""
[23.462s] -- Installing: /home/kunal/Desktop/ad/arena_drone_ws/install/drone_behavior_tree/share/drone_behavior_tree/trees
[23.463s] -- Installing: /home/kunal/Desktop/ad/arena_drone_ws/install/drone_behavior_tree/share/drone_behavior_tree/trees/motor_test_tree.xml
[23.463s] -- Installing: /home/kunal/Desktop/ad/arena_drone_ws/install/drone_behavior_tree/share/drone_behavior_tree/launch
[23.463s] -- Installing: /home/kunal/Desktop/ad/arena_drone_ws/install/drone_behavior_tree/share/drone_behavior_tree/launch/motor_test.launch.py
[23.463s] -- Installing: /home/kunal/Desktop/ad/arena_drone_ws/install/drone_behavior_tree/share/drone_behavior_tree/launch/__pycache__
[23.464s] -- Installing: /home/kunal/Desktop/ad/arena_drone_ws/install/drone_behavior_tree/share/drone_behavior_tree/launch/__pycache__/motor_test.launch.cpython-312.pyc
[23.464s] -- Installing: /home/kunal/Desktop/ad/arena_drone_ws/install/drone_behavior_tree/share/ament_index/resource_index/package_run_dependencies/drone_behavior_tree
[23.464s] -- Installing: /home/kunal/Desktop/ad/arena_drone_ws/install/drone_behavior_tree/share/ament_index/resource_index/parent_prefix_path/drone_behavior_tree
[23.464s] -- Installing: /home/kunal/Desktop/ad/arena_drone_ws/install/drone_behavior_tree/share/drone_behavior_tree/environment/ament_prefix_path.sh
[23.464s] -- Installing: /home/kunal/Desktop/ad/arena_drone_ws/install/drone_behavior_tree/share/drone_behavior_tree/environment/ament_prefix_path.dsv
[23.464s] -- Installing: /home/kunal/Desktop/ad/arena_drone_ws/install/drone_behavior_tree/share/drone_behavior_tree/environment/path.sh
[23.465s] -- Installing: /home/kunal/Desktop/ad/arena_drone_ws/install/drone_behavior_tree/share/drone_behavior_tree/environment/path.dsv
[23.465s] -- Installing: /home/kunal/Desktop/ad/arena_drone_ws/install/drone_behavior_tree/share/drone_behavior_tree/local_setup.bash
[23.465s] -- Installing: /home/kunal/Desktop/ad/arena_drone_ws/install/drone_behavior_tree/share/drone_behavior_tree/local_setup.sh
[23.465s] -- Installing: /home/kunal/Desktop/ad/arena_drone_ws/install/drone_behavior_tree/share/drone_behavior_tree/local_setup.zsh
[23.465s] -- Installing: /home/kunal/Desktop/ad/arena_drone_ws/install/drone_behavior_tree/share/drone_behavior_tree/local_setup.dsv
[23.465s] -- Installing: /home/kunal/Desktop/ad/arena_drone_ws/install/drone_behavior_tree/share/drone_behavior_tree/package.dsv
[23.465s] -- Installing: /home/kunal/Desktop/ad/arena_drone_ws/install/drone_behavior_tree/share/ament_index/resource_index/packages/drone_behavior_tree
[23.465s] -- Installing: /home/kunal/Desktop/ad/arena_drone_ws/install/drone_behavior_tree/share/drone_behavior_tree/cmake/drone_behavior_treeConfig.cmake
[23.466s] -- Installing: /home/kunal/Desktop/ad/arena_drone_ws/install/drone_behavior_tree/share/drone_behavior_tree/cmake/drone_behavior_treeConfig-version.cmake
[23.466s] -- Installing: /home/kunal/Desktop/ad/arena_drone_ws/install/drone_behavior_tree/share/drone_behavior_tree/package.xml
[23.477s] Invoked command in '/home/kunal/Desktop/ad/arena_drone_ws/build/drone_behavior_tree' returned '0': CMAKE_PREFIX_PATH=${CMAKE_PREFIX_PATH}:/home/kunal/drone_ws/install/drone_control:/opt/ros/jazzy DEBUGINFOD_URLS=https://debuginfod.ubuntu.com /usr/bin/cmake --install /home/kunal/Desktop/ad/arena_drone_ws/build/drone_behavior_tree
